<?xml version="1.0" encoding="UTF-8"?>
<testsuite xmlns:xsi="http://www.w3.org/2001/XMLSchema-instance" xsi:noNamespaceSchemaLocation="https://maven.apache.org/surefire/maven-surefire-plugin/xsd/surefire-test-report-3.0.xsd" version="3.0" name="tron.one.OneApplicationTests" time="1.257" tests="1" errors="0" skipped="0" failures="0">
  <properties>
[...]
</properties>
  <testcase name="contextLoads" classname="tron.one.OneApplicationTests" time="0.4">
    <system-out><![CDATA[18:31:13.008 [main] INFO org.springframework.test.context.support.AnnotationConfigContextLoaderUtils -- Could not detect default configuration classes for test class [tron.one.OneApplicationTests]: OneApplicationTests does not declare any static, non-private, non-final, nested classes annotated with @Configuration.
18:31:13.050 [main] INFO org.springframework.boot.test.context.SpringBootTestContextBootstrapper -- Found @SpringBootConfiguration tron.one.OneApplication for test class tron.one.OneApplicationTests

  .   ____          _            __ _ _
 /\\ / ___'_ __ _ _(_)_ __  __ _ \ \ \ \
( ( )\___ | '_ | '_| | '_ \/ _` | \ \ \ \
 \\/  ___)| |_)| | | | | || (_| |  ) ) ) )
  '  |____| .__|_| |_|_| |_\__, | / / / /
 =========|_|==============|___/=/_/_/_/
 :: Spring Boot ::                (v3.1.2)

2023-08-14T18:31:13.195+02:00  INFO 6756 --- [           main] tron.one.OneApplicationTests             : Starting OneApplicationTests using Java 17.0.8 with PID 6756 (started by anton_zeltser in /Users/anton_zeltser/IdeaProjects/one)
2023-08-14T18:31:13.196+02:00  INFO 6756 --- [           main] tron.one.OneApplicationTests             : No active profile set, falling back to 1 default profile: "default"
2023-08-14T18:31:13.790+02:00  INFO 6756 --- [           main] tron.one.OneApplicationTests             : Started OneApplicationTests in 0.69 seconds (process running for 1.061)
]]></system-out>
  </testcase>
</testsuite>